<?xml version="1.0" encoding="UTF-8"?>
<!-- Generated by org.testng.reporters.JUnitXMLReporter -->
<testsuite hostname="DTBLR01LP124" name="Default test" tests="9" failures="0" timestamp="4 Apr 2023 13:09:18 GMT" time="141.541" errors="0">
  <testcase name="PenDraw" time="19.582" classname="com.TestCaseWhiteBoard.LeftToolBarFunctionalities"/>
  <testcase name="ClicknType" time="12.047" classname="com.TestCaseWhiteBoard.LeftToolBarFunctionalities"/>
  <testcase name="GridTool" time="9.81" classname="com.TestCaseWhiteBoard.LeftToolBarFunctionalities"/>
  <testcase name="ClearGrid" time="12.822" classname="com.TestCaseWhiteBoard.LeftToolBarFunctionalities"/>
  <testcase name="ContentUpload" time="25.965" classname="com.TestCaseWhiteBoard.LeftToolBarFunctionalities"/>
  <testcase name="ShapeTriangle" time="7.046" classname="com.TestCaseWhiteBoard.LeftToolBarFunctionalities"/>
  <testcase name="ShapeCircle" time="6.813" classname="com.TestCaseWhiteBoard.LeftToolBarFunctionalities"/>
  <testcase name="ShapePolygon" time="6.867" classname="com.TestCaseWhiteBoard.LeftToolBarFunctionalities"/>
  <testcase name="WhiteOut" time="12.307" classname="com.TestCaseWhiteBoard.LeftToolBarFunctionalities"/>
</testsuite> <!-- Default test -->
