<?xml version="1.0" encoding="UTF-8"?>
<!-- Generated by org.testng.reporters.JUnitXMLReporter -->
<testsuite hostname="DTBLR01LP124" name="Functional Test" tests="9" failures="0" timestamp="12 Apr 2023 12:03:24 GMT" time="127.785" errors="0">
  <testcase name="PenDraw" time="19.837" classname="com.TestCaseWhiteBoard.LeftToolBarFunctionalities"/>
  <testcase name="ClicknType" time="11.863" classname="com.TestCaseWhiteBoard.LeftToolBarFunctionalities"/>
  <testcase name="GridTool" time="9.574" classname="com.TestCaseWhiteBoard.LeftToolBarFunctionalities"/>
  <testcase name="ClearGrid" time="12.92" classname="com.TestCaseWhiteBoard.LeftToolBarFunctionalities"/>
  <testcase name="ContentUpload" time="26.063" classname="com.TestCaseWhiteBoard.LeftToolBarFunctionalities"/>
  <testcase name="ShapeTriangle" time="7.036" classname="com.TestCaseWhiteBoard.LeftToolBarFunctionalities"/>
  <testcase name="ShapeCircle" time="6.87" classname="com.TestCaseWhiteBoard.LeftToolBarFunctionalities"/>
  <testcase name="ShapePolygon" time="6.946" classname="com.TestCaseWhiteBoard.LeftToolBarFunctionalities"/>
  <testcase name="WhiteOut" time="12.354" classname="com.TestCaseWhiteBoard.LeftToolBarFunctionalities"/>
</testsuite> <!-- Functional Test -->
